Start training MLP_VAE...
Epoch 1/30 - Loss: 178.1366, Recon: 171.1726, KLD: 6.9639
Epoch 2/30 - Loss: 129.4341, Recon: 115.5820, KLD: 13.8521
Epoch 3/30 - Loss: 118.7256, Recon: 103.1698, KLD: 15.5558
Epoch 4/30 - Loss: 114.3471, Recon: 98.1109, KLD: 16.2362
Epoch 5/30 - Loss: 111.6261, Recon: 94.7799, KLD: 16.8462
Epoch 6/30 - Loss: 109.4127, Recon: 91.9913, KLD: 17.4214
Epoch 7/30 - Loss: 107.8261, Recon: 90.0493, KLD: 17.7768
Epoch 8/30 - Loss: 106.4751, Recon: 88.3365, KLD: 18.1386
Epoch 9/30 - Loss: 105.4542, Recon: 87.0095, KLD: 18.4447
Epoch 10/30 - Loss: 104.5785, Recon: 85.8646, KLD: 18.7140
Epoch 11/30 - Loss: 103.8041, Recon: 84.8964, KLD: 18.9077
Epoch 12/30 - Loss: 103.1236, Recon: 84.0543, KLD: 19.0693
Epoch 13/30 - Loss: 102.6603, Recon: 83.4234, KLD: 19.2369
Epoch 14/30 - Loss: 102.1089, Recon: 82.7786, KLD: 19.3303
Epoch 15/30 - Loss: 101.7383, Recon: 82.2511, KLD: 19.4872
Epoch 16/30 - Loss: 101.2967, Recon: 81.7468, KLD: 19.5499
Epoch 17/30 - Loss: 101.0104, Recon: 81.3387, KLD: 19.6717
Epoch 18/30 - Loss: 100.7297, Recon: 80.9780, KLD: 19.7518
Epoch 19/30 - Loss: 100.4348, Recon: 80.6069, KLD: 19.8280
Epoch 20/30 - Loss: 100.1319, Recon: 80.2467, KLD: 19.8852
Epoch 21/30 - Loss: 99.9707, Recon: 80.0336, KLD: 19.9371
Epoch 22/30 - Loss: 99.7357, Recon: 79.7217, KLD: 20.0139
Epoch 23/30 - Loss: 99.5455, Recon: 79.5106, KLD: 20.0349
Epoch 24/30 - Loss: 99.3862, Recon: 79.3123, KLD: 20.0739
Epoch 25/30 - Loss: 99.1695, Recon: 79.0587, KLD: 20.1108
Epoch 26/30 - Loss: 99.0029, Recon: 78.8647, KLD: 20.1382
Epoch 27/30 - Loss: 98.8911, Recon: 78.6891, KLD: 20.2020
Epoch 28/30 - Loss: 98.8039, Recon: 78.6040, KLD: 20.1998
Epoch 29/30 - Loss: 98.6238, Recon: 78.3774, KLD: 20.2464
Epoch 30/30 - Loss: 98.4795, Recon: 78.2266, KLD: 20.2529
Finish training!
结果已保存到 experiments/mlp_vae_mnist_2025-10-02_22-19-50
FID: 37.1734
