Start training Progressive VAE...

===> Stage 0 (res=4x4) | fade-in epochs: 0/10
[Stage 0] Epoch 1/10 [alpha 1.00] - Loss: 4.2784, Recon: 4.2582, KLD: 0.0201
[Stage 0] Epoch 2/10 [alpha 1.00] - Loss: 3.7566, Recon: 3.7520, KLD: 0.0046
[Stage 0] Epoch 3/10 [alpha 1.00] - Loss: 3.7452, Recon: 3.7415, KLD: 0.0037
[Stage 0] Epoch 4/10 [alpha 1.00] - Loss: 3.7397, Recon: 3.7369, KLD: 0.0028
[Stage 0] Epoch 5/10 [alpha 1.00] - Loss: 3.7360, Recon: 3.7339, KLD: 0.0021
[Stage 0] Epoch 6/10 [alpha 1.00] - Loss: 3.7325, Recon: 3.7310, KLD: 0.0016
[Stage 0] Epoch 7/10 [alpha 1.00] - Loss: 3.7313, Recon: 3.7301, KLD: 0.0012
[Stage 0] Epoch 8/10 [alpha 1.00] - Loss: 3.7297, Recon: 3.7287, KLD: 0.0010
[Stage 0] Epoch 9/10 [alpha 1.00] - Loss: 3.7284, Recon: 3.7276, KLD: 0.0008
[Stage 0] Epoch 10/10 [alpha 1.00] - Loss: 3.7277, Recon: 3.7272, KLD: 0.0006

===> Stage 1 (res=8x8) | fade-in epochs: 5/10
[Stage 1] Epoch 1/10 [alpha 0.00->0.20] - Loss: 13.8178, Recon: 13.7127, KLD: 0.1051
[Stage 1] Epoch 2/10 [alpha 0.20->0.40] - Loss: 13.5958, Recon: 13.4291, KLD: 0.1667
[Stage 1] Epoch 3/10 [alpha 0.40->0.60] - Loss: 13.5780, Recon: 13.4026, KLD: 0.1754
[Stage 1] Epoch 4/10 [alpha 0.60->0.80] - Loss: 13.5757, Recon: 13.3949, KLD: 0.1808
[Stage 1] Epoch 5/10 [alpha 0.80->1.00] - Loss: 13.5756, Recon: 13.3685, KLD: 0.2071
[Stage 1] Epoch 6/10 [alpha 1.00] - Loss: 13.5472, Recon: 13.2729, KLD: 0.2743
[Stage 1] Epoch 7/10 [alpha 1.00] - Loss: 13.5382, Recon: 13.2325, KLD: 0.3057
[Stage 1] Epoch 8/10 [alpha 1.00] - Loss: 13.5347, Recon: 13.2182, KLD: 0.3165
[Stage 1] Epoch 9/10 [alpha 1.00] - Loss: 13.5304, Recon: 13.2033, KLD: 0.3272
[Stage 1] Epoch 10/10 [alpha 1.00] - Loss: 13.5272, Recon: 13.2006, KLD: 0.3266

===> Stage 2 (res=16x16) | fade-in epochs: 5/10
[Stage 2] Epoch 1/10 [alpha 0.00->0.20] - Loss: 45.4191, Recon: 40.9265, KLD: 4.4926
[Stage 2] Epoch 2/10 [alpha 0.20->0.40] - Loss: 42.4583, Recon: 36.2297, KLD: 6.2286
[Stage 2] Epoch 3/10 [alpha 0.40->0.60] - Loss: 41.7583, Recon: 35.1289, KLD: 6.6295
[Stage 2] Epoch 4/10 [alpha 0.60->0.80] - Loss: 41.4177, Recon: 34.5349, KLD: 6.8829
[Stage 2] Epoch 5/10 [alpha 0.80->1.00] - Loss: 41.1755, Recon: 34.1517, KLD: 7.0238
[Stage 2] Epoch 6/10 [alpha 1.00] - Loss: 40.9992, Recon: 33.8705, KLD: 7.1287
[Stage 2] Epoch 7/10 [alpha 1.00] - Loss: 40.8303, Recon: 33.6138, KLD: 7.2165
[Stage 2] Epoch 8/10 [alpha 1.00] - Loss: 40.6997, Recon: 33.4351, KLD: 7.2646
[Stage 2] Epoch 9/10 [alpha 1.00] - Loss: 40.6203, Recon: 33.2874, KLD: 7.3329
[Stage 2] Epoch 10/10 [alpha 1.00] - Loss: 40.5386, Recon: 33.1543, KLD: 7.3842

===> Stage 3 (res=32x32) | fade-in epochs: 5/10
[Stage 3] Epoch 1/10 [alpha 0.00->0.20] - Loss: 117.7055, Recon: 101.9778, KLD: 15.7277
[Stage 3] Epoch 2/10 [alpha 0.20->0.40] - Loss: 110.1124, Recon: 92.1353, KLD: 17.9771
[Stage 3] Epoch 3/10 [alpha 0.40->0.60] - Loss: 107.6939, Recon: 88.8925, KLD: 18.8014
[Stage 3] Epoch 4/10 [alpha 0.60->0.80] - Loss: 106.0816, Recon: 86.6838, KLD: 19.3978
[Stage 3] Epoch 5/10 [alpha 0.80->1.00] - Loss: 105.1476, Recon: 85.3592, KLD: 19.7884
[Stage 3] Epoch 6/10 [alpha 1.00] - Loss: 104.2757, Recon: 84.2427, KLD: 20.0330
[Stage 3] Epoch 7/10 [alpha 1.00] - Loss: 103.3554, Recon: 83.0880, KLD: 20.2674
[Stage 3] Epoch 8/10 [alpha 1.00] - Loss: 102.7345, Recon: 82.2903, KLD: 20.4442
[Stage 3] Epoch 9/10 [alpha 1.00] - Loss: 102.3610, Recon: 81.7135, KLD: 20.6475
[Stage 3] Epoch 10/10 [alpha 1.00] - Loss: 101.8656, Recon: 81.0779, KLD: 20.7877
Finish training!
结果已保存到 experiments/pro_vae_mnist_2025-10-03_00-10-49
FID: 45.0791
