Start training CNN_VAE...
Epoch 1/30 - Loss: 157.9371, Recon: 134.6076, KLD: 23.3295
Epoch 2/30 - Loss: 114.7021, Recon: 87.7138, KLD: 26.9883
Epoch 3/30 - Loss: 110.0976, Recon: 83.2679, KLD: 26.8296
Epoch 4/30 - Loss: 107.8284, Recon: 81.2199, KLD: 26.6085
Epoch 5/30 - Loss: 106.4829, Recon: 80.0470, KLD: 26.4360
Epoch 6/30 - Loss: 105.6021, Recon: 79.2043, KLD: 26.3978
Epoch 7/30 - Loss: 104.8704, Recon: 78.5429, KLD: 26.3275
Epoch 8/30 - Loss: 104.3452, Recon: 78.0406, KLD: 26.3046
Epoch 9/30 - Loss: 103.8480, Recon: 77.6044, KLD: 26.2435
Epoch 10/30 - Loss: 103.4464, Recon: 77.2191, KLD: 26.2272
Epoch 11/30 - Loss: 103.1392, Recon: 76.9637, KLD: 26.1755
Epoch 12/30 - Loss: 102.7803, Recon: 76.6353, KLD: 26.1450
Epoch 13/30 - Loss: 102.5020, Recon: 76.4174, KLD: 26.0846
Epoch 14/30 - Loss: 102.2669, Recon: 76.2210, KLD: 26.0459
Epoch 15/30 - Loss: 102.0184, Recon: 76.0001, KLD: 26.0183
Epoch 16/30 - Loss: 101.8195, Recon: 75.8120, KLD: 26.0075
Epoch 17/30 - Loss: 101.6765, Recon: 75.7101, KLD: 25.9664
Epoch 18/30 - Loss: 101.4864, Recon: 75.5359, KLD: 25.9505
Epoch 19/30 - Loss: 101.3099, Recon: 75.4275, KLD: 25.8824
Epoch 20/30 - Loss: 101.1583, Recon: 75.2851, KLD: 25.8733
Epoch 21/30 - Loss: 101.0299, Recon: 75.1844, KLD: 25.8455
Epoch 22/30 - Loss: 100.8919, Recon: 75.0694, KLD: 25.8224
Epoch 23/30 - Loss: 100.7434, Recon: 74.9706, KLD: 25.7728
Epoch 24/30 - Loss: 100.6569, Recon: 74.8758, KLD: 25.7811
Epoch 25/30 - Loss: 100.5374, Recon: 74.8154, KLD: 25.7220
Epoch 26/30 - Loss: 100.3727, Recon: 74.6856, KLD: 25.6872
Epoch 27/30 - Loss: 100.2909, Recon: 74.6189, KLD: 25.6719
Epoch 28/30 - Loss: 100.2122, Recon: 74.5500, KLD: 25.6622
Epoch 29/30 - Loss: 100.1167, Recon: 74.4844, KLD: 25.6323
Epoch 30/30 - Loss: 100.0086, Recon: 74.4097, KLD: 25.5989
Finish training!
结果已保存到 experiments/cnn_vae_mnist_2025-10-02_22-22-30
FID: 43.6871
