Start training Progressive VAE...

===> Stage 0 (res=4x4) | fade-in epochs: 0/10
[Stage 0] Epoch 1/10 [alpha 1.00] - Loss: 4.2236, Recon: 4.2062, KLD: 0.0174
[Stage 0] Epoch 2/10 [alpha 1.00] - Loss: 3.7558, Recon: 3.7515, KLD: 0.0043
[Stage 0] Epoch 3/10 [alpha 1.00] - Loss: 3.7454, Recon: 3.7418, KLD: 0.0036
[Stage 0] Epoch 4/10 [alpha 1.00] - Loss: 3.7387, Recon: 3.7359, KLD: 0.0027
[Stage 0] Epoch 5/10 [alpha 1.00] - Loss: 3.7354, Recon: 3.7334, KLD: 0.0020
[Stage 0] Epoch 6/10 [alpha 1.00] - Loss: 3.7332, Recon: 3.7316, KLD: 0.0015
[Stage 0] Epoch 7/10 [alpha 1.00] - Loss: 3.7313, Recon: 3.7301, KLD: 0.0012
[Stage 0] Epoch 8/10 [alpha 1.00] - Loss: 3.7299, Recon: 3.7290, KLD: 0.0009
[Stage 0] Epoch 9/10 [alpha 1.00] - Loss: 3.7284, Recon: 3.7277, KLD: 0.0007
[Stage 0] Epoch 10/10 [alpha 1.00] - Loss: 3.7274, Recon: 3.7268, KLD: 0.0006

===> Stage 1 (res=8x8) | fade-in epochs: 5/10
[Stage 1] Epoch 1/10 [alpha 0.00->0.20] - Loss: 13.8243, Recon: 13.7090, KLD: 0.1153
[Stage 1] Epoch 2/10 [alpha 0.20->0.40] - Loss: 13.5694, Recon: 13.3213, KLD: 0.2481
[Stage 1] Epoch 3/10 [alpha 0.40->0.60] - Loss: 13.5451, Recon: 13.2547, KLD: 0.2904
[Stage 1] Epoch 4/10 [alpha 0.60->0.80] - Loss: 13.5425, Recon: 13.2464, KLD: 0.2961
[Stage 1] Epoch 5/10 [alpha 0.80->1.00] - Loss: 13.5456, Recon: 13.2547, KLD: 0.2909
[Stage 1] Epoch 6/10 [alpha 1.00] - Loss: 13.5356, Recon: 13.2344, KLD: 0.3013
[Stage 1] Epoch 7/10 [alpha 1.00] - Loss: 13.5383, Recon: 13.2254, KLD: 0.3129
[Stage 1] Epoch 8/10 [alpha 1.00] - Loss: 13.5332, Recon: 13.2153, KLD: 0.3180
[Stage 1] Epoch 9/10 [alpha 1.00] - Loss: 13.5256, Recon: 13.2016, KLD: 0.3240
[Stage 1] Epoch 10/10 [alpha 1.00] - Loss: 13.5274, Recon: 13.1962, KLD: 0.3312

===> Stage 2 (res=16x16) | fade-in epochs: 5/10
[Stage 2] Epoch 1/10 [alpha 0.00->0.20] - Loss: 45.1213, Recon: 40.4537, KLD: 4.6676
[Stage 2] Epoch 2/10 [alpha 0.20->0.40] - Loss: 42.1854, Recon: 35.7649, KLD: 6.4205
[Stage 2] Epoch 3/10 [alpha 0.40->0.60] - Loss: 41.5344, Recon: 34.6914, KLD: 6.8430
[Stage 2] Epoch 4/10 [alpha 0.60->0.80] - Loss: 41.2047, Recon: 34.1804, KLD: 7.0243
[Stage 2] Epoch 5/10 [alpha 0.80->1.00] - Loss: 41.0365, Recon: 33.8642, KLD: 7.1724
[Stage 2] Epoch 6/10 [alpha 1.00] - Loss: 40.8397, Recon: 33.5956, KLD: 7.2442
[Stage 2] Epoch 7/10 [alpha 1.00] - Loss: 40.7051, Recon: 33.3839, KLD: 7.3212
[Stage 2] Epoch 8/10 [alpha 1.00] - Loss: 40.6098, Recon: 33.2295, KLD: 7.3803
[Stage 2] Epoch 9/10 [alpha 1.00] - Loss: 40.5048, Recon: 33.0869, KLD: 7.4179
[Stage 2] Epoch 10/10 [alpha 1.00] - Loss: 40.4256, Recon: 32.9709, KLD: 7.4547

===> Stage 3 (res=32x32) | fade-in epochs: 5/10
[Stage 3] Epoch 1/10 [alpha 0.00->0.20] - Loss: 117.0127, Recon: 101.2467, KLD: 15.7660
[Stage 3] Epoch 2/10 [alpha 0.20->0.40] - Loss: 109.3366, Recon: 91.2521, KLD: 18.0845
[Stage 3] Epoch 3/10 [alpha 0.40->0.60] - Loss: 106.9464, Recon: 87.9154, KLD: 19.0310
[Stage 3] Epoch 4/10 [alpha 0.60->0.80] - Loss: 105.4534, Recon: 85.8220, KLD: 19.6313
[Stage 3] Epoch 5/10 [alpha 0.80->1.00] - Loss: 104.4413, Recon: 84.4242, KLD: 20.0171
[Stage 3] Epoch 6/10 [alpha 1.00] - Loss: 103.5105, Recon: 83.2504, KLD: 20.2602
[Stage 3] Epoch 7/10 [alpha 1.00] - Loss: 102.7334, Recon: 82.2594, KLD: 20.4740
[Stage 3] Epoch 8/10 [alpha 1.00] - Loss: 102.1012, Recon: 81.4577, KLD: 20.6435
[Stage 3] Epoch 9/10 [alpha 1.00] - Loss: 101.5828, Recon: 80.7592, KLD: 20.8236
[Stage 3] Epoch 10/10 [alpha 1.00] - Loss: 101.1369, Recon: 80.2074, KLD: 20.9295
Finish training!
结果已保存到 experiments/pro_vae_mnist_2025-10-03_01-59-58
FID: 41.5982
